<?xml version="1.0" encoding="UTF-8"?>
<testng-results ignored="2" total="5" passed="3" failed="0" skipped="0">
  <reporter-output>
  </reporter-output>
  <suite started-at="2020-07-10T21:00:24 CDT" name="Default suite" finished-at="2020-07-10T21:00:28 CDT" duration-ms="4255">
    <groups>
    </groups>
    <test started-at="2020-07-10T21:00:24 CDT" name="Default test" finished-at="2020-07-10T21:00:28 CDT" duration-ms="4255">
      <class name="SwedBank.restApiTest">
        <test-method signature="getIndecativeRateCcyPairList()[pri:0, instance:SwedBank.restApiTest@2133814f]" started-at="2020-07-10T21:00:24 CDT" name="getIndecativeRateCcyPairList" finished-at="2020-07-10T21:00:27 CDT" duration-ms="3133" status="PASS">
          <reporter-output>
          </reporter-output>
        </test-method> <!-- getIndecativeRateCcyPairList -->
        <test-method signature="validateIndicativeCcyPairResponse()[pri:1, instance:SwedBank.restApiTest@2133814f]" started-at="2020-07-10T21:00:27 CDT" name="validateIndicativeCcyPairResponse" finished-at="2020-07-10T21:00:27 CDT" duration-ms="5" status="PASS">
          <reporter-output>
          </reporter-output>
        </test-method> <!-- validateIndicativeCcyPairResponse -->
        <test-method signature="marketOrdersTest()[pri:4, instance:SwedBank.restApiTest@2133814f]" started-at="2020-07-10T21:00:27 CDT" name="marketOrdersTest" finished-at="2020-07-10T21:00:28 CDT" duration-ms="1068" status="PASS">
          <reporter-output>
          </reporter-output>
        </test-method> <!-- marketOrdersTest -->
      </class> <!-- SwedBank.restApiTest -->
    </test> <!-- Default test -->
  </suite> <!-- Default suite -->
</testng-results>
