<?xml version="1.0" encoding="UTF-8"?>
<!-- Generated by org.testng.reporters.JUnitXMLReporter -->
<testsuite ignored="0" hostname="DESKTOP-17IPFF2" failures="0" tests="142" name="Default test" time="2092.776" errors="0" timestamp="2020-07-13T12:27:01 CDT">
  <testcase classname="SwedBank.restApiTest" name="getIndecativeRateCcyPairList" time="10.259"/>
  <testcase classname="SwedBank.restApiTest" name="validateIndicativeCcyPairResponse" time="0.006"/>
  <testcase classname="SwedBank.restApiTest" name="getIndividualExchangeRateForGivenCCY" time="15.945"/>
  <testcase classname="SwedBank.restApiTest" name="getIndividualExchangeRateForGivenCCY" time="15.977"/>
  <testcase classname="SwedBank.restApiTest" name="getIndividualExchangeRateForGivenCCY" time="15.984"/>
  <testcase classname="SwedBank.restApiTest" name="getIndividualExchangeRateForGivenCCY" time="15.961"/>
  <testcase classname="SwedBank.restApiTest" name="getIndividualExchangeRateForGivenCCY" time="16.196"/>
  <testcase classname="SwedBank.restApiTest" name="getIndividualExchangeRateForGivenCCY" time="15.955"/>
  <testcase classname="SwedBank.restApiTest" name="getIndividualExchangeRateForGivenCCY" time="16.211"/>
  <testcase classname="SwedBank.restApiTest" name="getIndividualExchangeRateForGivenCCY" time="15.91"/>
  <testcase classname="SwedBank.restApiTest" name="getIndividualExchangeRateForGivenCCY" time="16.14"/>
  <testcase classname="SwedBank.restApiTest" name="getIndividualExchangeRateForGivenCCY" time="15.943"/>
  <testcase classname="SwedBank.restApiTest" name="getIndividualExchangeRateForGivenCCY" time="16.028"/>
  <testcase classname="SwedBank.restApiTest" name="getIndividualExchangeRateForGivenCCY" time="15.883"/>
  <testcase classname="SwedBank.restApiTest" name="getIndividualExchangeRateForGivenCCY" time="15.942"/>
  <testcase classname="SwedBank.restApiTest" name="getIndividualExchangeRateForGivenCCY" time="15.949"/>
  <testcase classname="SwedBank.restApiTest" name="getIndividualExchangeRateForGivenCCY" time="15.985"/>
  <testcase classname="SwedBank.restApiTest" name="getIndividualExchangeRateForGivenCCY" time="15.925"/>
  <testcase classname="SwedBank.restApiTest" name="getIndividualExchangeRateForGivenCCY" time="16.054"/>
  <testcase classname="SwedBank.restApiTest" name="getIndividualExchangeRateForGivenCCY" time="15.981"/>
  <testcase classname="SwedBank.restApiTest" name="getIndividualExchangeRateForGivenCCY" time="15.94"/>
  <testcase classname="SwedBank.restApiTest" name="getIndividualExchangeRateForGivenCCY" time="15.933"/>
  <testcase classname="SwedBank.restApiTest" name="getIndividualExchangeRateForGivenCCY" time="15.944"/>
  <testcase classname="SwedBank.restApiTest" name="getIndividualExchangeRateForGivenCCY" time="15.885"/>
  <testcase classname="SwedBank.restApiTest" name="getIndividualExchangeRateForGivenCCY" time="16.222"/>
  <testcase classname="SwedBank.restApiTest" name="getIndividualExchangeRateForGivenCCY" time="15.931"/>
  <testcase classname="SwedBank.restApiTest" name="getIndividualExchangeRateForGivenCCY" time="15.929"/>
  <testcase classname="SwedBank.restApiTest" name="getIndividualExchangeRateForGivenCCY" time="15.902"/>
  <testcase classname="SwedBank.restApiTest" name="getIndividualExchangeRateForGivenCCY" time="16.185"/>
  <testcase classname="SwedBank.restApiTest" name="getIndividualExchangeRateForGivenCCY" time="15.922"/>
  <testcase classname="SwedBank.restApiTest" name="getIndividualExchangeRateForGivenCCY" time="15.974"/>
  <testcase classname="SwedBank.restApiTest" name="getIndividualExchangeRateForGivenCCY" time="15.978"/>
  <testcase classname="SwedBank.restApiTest" name="getIndividualExchangeRateForGivenCCY" time="15.916"/>
  <testcase classname="SwedBank.restApiTest" name="getIndividualExchangeRateForGivenCCY" time="15.929"/>
  <testcase classname="SwedBank.restApiTest" name="getIndividualExchangeRateForGivenCCY" time="16.051"/>
  <testcase classname="SwedBank.restApiTest" name="getIndividualExchangeRateForGivenCCY" time="15.9"/>
  <testcase classname="SwedBank.restApiTest" name="getIndividualExchangeRateForGivenCCY" time="15.881"/>
  <testcase classname="SwedBank.restApiTest" name="getIndividualExchangeRateForGivenCCY" time="15.92"/>
  <testcase classname="SwedBank.restApiTest" name="getIndividualExchangeRateForGivenCCY" time="15.97"/>
  <testcase classname="SwedBank.restApiTest" name="getIndividualExchangeRateForGivenCCY" time="15.994"/>
  <testcase classname="SwedBank.restApiTest" name="getIndividualExchangeRateForGivenCCY" time="15.931"/>
  <testcase classname="SwedBank.restApiTest" name="getIndividualExchangeRateForGivenCCY" time="15.893"/>
  <testcase classname="SwedBank.restApiTest" name="getIndividualExchangeRateForGivenCCY" time="15.947"/>
  <testcase classname="SwedBank.restApiTest" name="getIndividualExchangeRateForGivenCCY" time="15.875"/>
  <testcase classname="SwedBank.restApiTest" name="getIndividualExchangeRateForGivenCCY" time="15.915"/>
  <testcase classname="SwedBank.restApiTest" name="getIndividualExchangeRateForGivenCCY" time="15.903"/>
  <testcase classname="SwedBank.restApiTest" name="getIndividualExchangeRateForGivenCCY" time="16.091"/>
  <testcase classname="SwedBank.restApiTest" name="getIndividualExchangeRateForGivenCCY" time="15.93"/>
  <testcase classname="SwedBank.restApiTest" name="getIndividualExchangeRateForGivenCCY" time="15.954"/>
  <testcase classname="SwedBank.restApiTest" name="getIndividualExchangeRateForGivenCCY" time="15.969"/>
  <testcase classname="SwedBank.restApiTest" name="getIndividualExchangeRateForGivenCCY" time="15.923"/>
  <testcase classname="SwedBank.restApiTest" name="getIndividualExchangeRateForGivenCCY" time="15.978"/>
  <testcase classname="SwedBank.restApiTest" name="getIndividualExchangeRateForGivenCCY" time="16.282"/>
  <testcase classname="SwedBank.restApiTest" name="getIndividualExchangeRateForGivenCCY" time="15.925"/>
  <testcase classname="SwedBank.restApiTest" name="getIndividualExchangeRateForGivenCCY" time="16.273"/>
  <testcase classname="SwedBank.restApiTest" name="getIndividualExchangeRateForGivenCCY" time="15.885"/>
  <testcase classname="SwedBank.restApiTest" name="getIndividualExchangeRateForGivenCCY" time="15.912"/>
  <testcase classname="SwedBank.restApiTest" name="getIndividualExchangeRateForGivenCCY" time="15.958"/>
  <testcase classname="SwedBank.restApiTest" name="getIndividualExchangeRateForGivenCCY" time="16.205"/>
  <testcase classname="SwedBank.restApiTest" name="getIndividualExchangeRateForGivenCCY" time="15.973"/>
  <testcase classname="SwedBank.restApiTest" name="getIndividualExchangeRateForGivenCCY" time="15.949"/>
  <testcase classname="SwedBank.restApiTest" name="getIndividualExchangeRateForGivenCCY" time="15.914"/>
  <testcase classname="SwedBank.restApiTest" name="getIndividualExchangeRateForGivenCCY" time="15.961"/>
  <testcase classname="SwedBank.restApiTest" name="getIndividualExchangeRateForGivenCCY" time="15.966"/>
  <testcase classname="SwedBank.restApiTest" name="getIndividualExchangeRateForGivenCCY" time="16.199"/>
  <testcase classname="SwedBank.restApiTest" name="getIndividualExchangeRateForGivenCCY" time="15.943"/>
  <testcase classname="SwedBank.restApiTest" name="getIndividualExchangeRateForGivenCCY" time="15.954"/>
  <testcase classname="SwedBank.restApiTest" name="getIndividualExchangeRateForGivenCCY" time="15.931"/>
  <testcase classname="SwedBank.restApiTest" name="getIndividualExchangeRateForGivenCCY" time="15.944"/>
  <testcase classname="SwedBank.restApiTest" name="getIndividualExchangeRateForGivenCCY" time="15.959"/>
  <testcase classname="SwedBank.restApiTest" name="getIndividualExchangeRateForGivenCCY" time="15.991"/>
  <testcase classname="SwedBank.restApiTest" name="getIndividualExchangeRateForGivenCCY" time="15.894"/>
  <testcase classname="SwedBank.restApiTest" name="getIndividualExchangeRateForGivenCCY" time="16.237"/>
  <testcase classname="SwedBank.restApiTest" name="getIndividualExchangeRateForGivenCCY" time="15.903"/>
  <testcase classname="SwedBank.restApiTest" name="getIndividualExchangeRateForGivenCCY" time="15.959"/>
  <testcase classname="SwedBank.restApiTest" name="getIndividualExchangeRateForGivenCCY" time="15.962"/>
  <testcase classname="SwedBank.restApiTest" name="getIndividualExchangeRateForGivenCCY" time="16.212"/>
  <testcase classname="SwedBank.restApiTest" name="getIndividualExchangeRateForGivenCCY" time="15.922"/>
  <testcase classname="SwedBank.restApiTest" name="getIndividualExchangeRateForGivenCCY" time="15.911"/>
  <testcase classname="SwedBank.restApiTest" name="getIndividualExchangeRateForGivenCCY" time="15.916"/>
  <testcase classname="SwedBank.restApiTest" name="getIndividualExchangeRateForGivenCCY" time="16.247"/>
  <testcase classname="SwedBank.restApiTest" name="getIndividualExchangeRateForGivenCCY" time="16.013"/>
  <testcase classname="SwedBank.restApiTest" name="getIndividualExchangeRateForGivenCCY" time="15.931"/>
  <testcase classname="SwedBank.restApiTest" name="getIndividualExchangeRateForGivenCCY" time="15.972"/>
  <testcase classname="SwedBank.restApiTest" name="getIndividualExchangeRateForGivenCCY" time="16.206"/>
  <testcase classname="SwedBank.restApiTest" name="getIndividualExchangeRateForGivenCCY" time="15.877"/>
  <testcase classname="SwedBank.restApiTest" name="getIndividualExchangeRateForGivenCCY" time="15.952"/>
  <testcase classname="SwedBank.restApiTest" name="getIndividualExchangeRateForGivenCCY" time="15.928"/>
  <testcase classname="SwedBank.restApiTest" name="getIndividualExchangeRateForGivenCCY" time="15.932"/>
  <testcase classname="SwedBank.restApiTest" name="getIndividualExchangeRateForGivenCCY" time="15.942"/>
  <testcase classname="SwedBank.restApiTest" name="getIndividualExchangeRateForGivenCCY" time="15.917"/>
  <testcase classname="SwedBank.restApiTest" name="getIndividualExchangeRateForGivenCCY" time="15.929"/>
  <testcase classname="SwedBank.restApiTest" name="getIndividualExchangeRateForGivenCCY" time="16.209"/>
  <testcase classname="SwedBank.restApiTest" name="getIndividualExchangeRateForGivenCCY" time="15.971"/>
  <testcase classname="SwedBank.restApiTest" name="getIndividualExchangeRateForGivenCCY" time="16.052"/>
  <testcase classname="SwedBank.restApiTest" name="getIndividualExchangeRateForGivenCCY" time="15.929"/>
  <testcase classname="SwedBank.restApiTest" name="getIndividualExchangeRateForGivenCCY" time="15.932"/>
  <testcase classname="SwedBank.restApiTest" name="getIndividualExchangeRateForGivenCCY" time="15.916"/>
  <testcase classname="SwedBank.restApiTest" name="getIndividualExchangeRateForGivenCCY" time="15.936"/>
  <testcase classname="SwedBank.restApiTest" name="getIndividualExchangeRateForGivenCCY" time="15.914"/>
  <testcase classname="SwedBank.restApiTest" name="getIndividualExchangeRateForGivenCCY" time="16.198"/>
  <testcase classname="SwedBank.restApiTest" name="getIndividualExchangeRateForGivenCCY" time="15.927"/>
  <testcase classname="SwedBank.restApiTest" name="getIndividualExchangeRateForGivenCCY" time="16.222"/>
  <testcase classname="SwedBank.restApiTest" name="getIndividualExchangeRateForGivenCCY" time="15.901"/>
  <testcase classname="SwedBank.restApiTest" name="getIndividualExchangeRateForGivenCCY" time="15.913"/>
  <testcase classname="SwedBank.restApiTest" name="getIndividualExchangeRateForGivenCCY" time="15.899"/>
  <testcase classname="SwedBank.restApiTest" name="getIndividualExchangeRateForGivenCCY" time="16.227"/>
  <testcase classname="SwedBank.restApiTest" name="getIndividualExchangeRateForGivenCCY" time="15.925"/>
  <testcase classname="SwedBank.restApiTest" name="getIndividualExchangeRateForGivenCCY" time="16.259"/>
  <testcase classname="SwedBank.restApiTest" name="getIndividualExchangeRateForGivenCCY" time="15.908"/>
  <testcase classname="SwedBank.restApiTest" name="getIndividualExchangeRateForGivenCCY" time="15.947"/>
  <testcase classname="SwedBank.restApiTest" name="getIndividualExchangeRateForGivenCCY" time="15.886"/>
  <testcase classname="SwedBank.restApiTest" name="getIndividualExchangeRateForGivenCCY" time="15.909"/>
  <testcase classname="SwedBank.restApiTest" name="getIndividualExchangeRateForGivenCCY" time="15.893"/>
  <testcase classname="SwedBank.restApiTest" name="getIndividualExchangeRateForGivenCCY" time="15.923"/>
  <testcase classname="SwedBank.restApiTest" name="getIndividualExchangeRateForGivenCCY" time="15.974"/>
  <testcase classname="SwedBank.restApiTest" name="getIndividualExchangeRateForGivenCCY" time="15.889"/>
  <testcase classname="SwedBank.restApiTest" name="getIndividualExchangeRateForGivenCCY" time="15.866"/>
  <testcase classname="SwedBank.restApiTest" name="getIndividualExchangeRateForGivenCCY" time="16.188"/>
  <testcase classname="SwedBank.restApiTest" name="getIndividualExchangeRateForGivenCCY" time="15.885"/>
  <testcase classname="SwedBank.restApiTest" name="getIndividualExchangeRateForGivenCCY" time="16.204"/>
  <testcase classname="SwedBank.restApiTest" name="getIndividualExchangeRateForGivenCCY" time="15.916"/>
  <testcase classname="SwedBank.restApiTest" name="getIndividualExchangeRateForGivenCCY" time="15.981"/>
  <testcase classname="SwedBank.restApiTest" name="getIndividualExchangeRateForGivenCCY" time="15.903"/>
  <testcase classname="SwedBank.restApiTest" name="getIndividualExchangeRateForGivenCCY" time="15.939"/>
  <testcase classname="SwedBank.restApiTest" name="getIndividualExchangeRateForGivenCCY" time="15.986"/>
  <testcase classname="SwedBank.restApiTest" name="getIndividualExchangeRateForGivenCCY" time="16.005"/>
  <testcase classname="SwedBank.restApiTest" name="getIndividualExchangeRateForGivenCCY" time="15.985"/>
  <testcase classname="SwedBank.restApiTest" name="getIndividualExchangeRateForGivenCCY" time="16.19"/>
  <testcase classname="SwedBank.restApiTest" name="getIndividualExchangeRateForGivenCCY" time="15.891"/>
  <testcase classname="SwedBank.restApiTest" name="getIndividualExchangeRateForGivenCCY" time="15.924"/>
  <testcase classname="SwedBank.restApiTest" name="writeToExcelRate" time="10.972"/>
  <testcase classname="SwedBank.restApiTest" name="marketOrdersTest" time="1.022"/>
  <testcase classname="SwedBank.restApiTest" name="marketOrdersTest" time="0.82"/>
  <testcase classname="SwedBank.restApiTest" name="marketOrdersTest" time="0.815"/>
  <testcase classname="SwedBank.restApiTest" name="marketOrdersTest" time="0.904"/>
  <testcase classname="SwedBank.restApiTest" name="marketOrdersTest" time="1.126"/>
  <testcase classname="SwedBank.restApiTest" name="marketOrdersTest" time="0.843"/>
  <testcase classname="SwedBank.restApiTest" name="marketOrdersTest" time="0.937"/>
  <testcase classname="SwedBank.restApiTest" name="marketOrdersTest" time="0.796"/>
  <testcase classname="SwedBank.restApiTest" name="marketOrdersTest" time="0.894"/>
  <testcase classname="SwedBank.restApiTest" name="marketOrdersTest" time="0.951"/>
</testsuite> <!-- Default test -->
