<?xml version="1.0" encoding="UTF-8"?>
<!-- Generated by org.testng.reporters.JUnitXMLReporter -->
<testsuite ignored="2" hostname="DESKTOP-17IPFF2" failures="0" tests="3" name="Default test" time="4.255" errors="0" timestamp="2020-07-10T21:00:28 CDT">
  <testcase classname="SwedBank.restApiTest" name="getIndecativeRateCcyPairList" time="3.133"/>
  <testcase classname="SwedBank.restApiTest" name="validateIndicativeCcyPairResponse" time="0.005"/>
  <testcase classname="SwedBank.restApiTest" name="marketOrdersTest" time="1.068"/>
  <testcase classname="SwedBank.restApiTest" name="writeToExcelRate" time="0.0">
    <ignored/>
  </testcase> <!-- writeToExcelRate -->
  <testcase classname="SwedBank.restApiTest" name="getIndividualExchangeRateForGivenCCY" time="0.0">
    <ignored/>
  </testcase> <!-- getIndividualExchangeRateForGivenCCY -->
</testsuite> <!-- Default test -->
